2024-12-05 09:05:53.220 | INFO     | runner.separated.base_runner:log_env:198 - -------------------------
THIS IS EPISODE 1, STEP 1
ENVIRONMENT 1
Couriers:
cls: Courier, courier_id: 2172, position: (45.873822, 174.576548), travel_distance: 0, waybill: None, wait_to_pick: [177166], head_to: None, speed: 0
Orders:
cls: Order, order_id: 177166, status: wait_pick, pick_up_point: (45.877373, 174.586193), drop_off_point: (45.860444, 174.563584), pair_time: 1665975601
The average travel distance per courier is 0.0
The rate of overspeed 0.0

2024-12-05 09:05:53.220 | INFO     | runner.separated.base_runner:log_env:198 - -------------------------
THIS IS EPISODE 1, STEP 1
ENVIRONMENT 2
Couriers:
cls: Courier, courier_id: 2172, position: (45.873822, 174.576548), travel_distance: 0, waybill: None, wait_to_pick: [177166], head_to: None, speed: 0
Orders:
cls: Order, order_id: 177166, status: wait_pick, pick_up_point: (45.877373, 174.586193), drop_off_point: (45.860444, 174.563584), pair_time: 1665975601
The average travel distance per courier is 0.0
The rate of overspeed 0.0

2024-12-05 09:05:53.221 | INFO     | runner.separated.base_runner:log_env:198 - -------------------------
THIS IS EPISODE 1, STEP 1
ENVIRONMENT 3
Couriers:
cls: Courier, courier_id: 2172, position: (45.873822, 174.576548), travel_distance: 0, waybill: None, wait_to_pick: [177166], head_to: None, speed: 0
Orders:
cls: Order, order_id: 177166, status: wait_pick, pick_up_point: (45.877373, 174.586193), drop_off_point: (45.860444, 174.563584), pair_time: 1665975601
The average travel distance per courier is 0.0
The rate of overspeed 0.0

2024-12-05 09:05:53.221 | INFO     | runner.separated.base_runner:log_env:198 - -------------------------
THIS IS EPISODE 1, STEP 1
ENVIRONMENT 4
Couriers:
cls: Courier, courier_id: 2172, position: (45.873822, 174.576548), travel_distance: 0, waybill: None, wait_to_pick: [177166], head_to: None, speed: 0
Orders:
cls: Order, order_id: 177166, status: wait_pick, pick_up_point: (45.877373, 174.586193), drop_off_point: (45.860444, 174.563584), pair_time: 1665975601
The average travel distance per courier is 0.0
The rate of overspeed 0.0

2024-12-05 09:05:53.221 | INFO     | runner.separated.base_runner:log_env:198 - -------------------------
THIS IS EPISODE 1, STEP 1
ENVIRONMENT 5
Couriers:
cls: Courier, courier_id: 2172, position: (45.873822, 174.576548), travel_distance: 0, waybill: None, wait_to_pick: [177166], head_to: None, speed: 0
Orders:
cls: Order, order_id: 177166, status: wait_pick, pick_up_point: (45.877373, 174.586193), drop_off_point: (45.860444, 174.563584), pair_time: 1665975601
The average travel distance per courier is 0.0
The rate of overspeed 0.0

2024-12-05 09:05:53.341 | INFO     | runner.separated.base_runner:log_env:198 - -------------------------
THIS IS EPISODE 1, STEP 2
ENVIRONMENT 1
Couriers:
cls: Courier, courier_id: 2172, position: (45.874115659102046, 174.57734561814678), travel_distance: 70, waybill: None, wait_to_pick: [177166], head_to: (45.877373, 174.586193), speed: 7
cls: Courier, courier_id: 1060, position: (45.868267, 174.559566), travel_distance: 0, waybill: None, wait_to_pick: None, head_to: None, speed: 0
cls: Courier, courier_id: 3480, position: (45.851746, 174.556414), travel_distance: 0, waybill: None, wait_to_pick: [537874], head_to: None, speed: 0
Orders:
cls: Order, order_id: 177166, status: wait_pick, pick_up_point: (45.877373, 174.586193), drop_off_point: (45.860444, 174.563584), pair_time: 1665975601
cls: Order, order_id: 537874, status: wait_pick, pick_up_point: (45.858072, 174.571215), drop_off_point: (45.87512, 174.524972), pair_time: 1665975611
cls: Order, order_id: 371021, status: wait_pair, pick_up_point: (45.851255, 174.555574), drop_off_point: (45.824982, 174.544946), pair_time: None
The average travel distance per courier is 23.333333333333332
The rate of overspeed 0.3333333333333333

2024-12-05 09:05:53.341 | INFO     | runner.separated.base_runner:log_env:198 - -------------------------
THIS IS EPISODE 1, STEP 2
ENVIRONMENT 2
Couriers:
cls: Courier, courier_id: 2172, position: (45.87386395130029, 174.57666194544953), travel_distance: 10, waybill: None, wait_to_pick: [177166], head_to: (45.877373, 174.586193), speed: 1
cls: Courier, courier_id: 1060, position: (45.868267, 174.559566), travel_distance: 0, waybill: None, wait_to_pick: None, head_to: None, speed: 0
cls: Courier, courier_id: 3480, position: (45.851746, 174.556414), travel_distance: 0, waybill: None, wait_to_pick: [537874], head_to: None, speed: 0
Orders:
cls: Order, order_id: 177166, status: wait_pick, pick_up_point: (45.877373, 174.586193), drop_off_point: (45.860444, 174.563584), pair_time: 1665975601
cls: Order, order_id: 537874, status: wait_pick, pick_up_point: (45.858072, 174.571215), drop_off_point: (45.87512, 174.524972), pair_time: 1665975611
cls: Order, order_id: 371021, status: wait_pair, pick_up_point: (45.851255, 174.555574), drop_off_point: (45.824982, 174.544946), pair_time: None
The average travel distance per courier is 3.3333333333333335
The rate of overspeed 0.0

2024-12-05 09:05:53.342 | INFO     | runner.separated.base_runner:log_env:198 - -------------------------
THIS IS EPISODE 1, STEP 2
ENVIRONMENT 3
Couriers:
cls: Courier, courier_id: 2172, position: (45.874115659102046, 174.57734561814678), travel_distance: 70, waybill: None, wait_to_pick: [177166], head_to: (45.877373, 174.586193), speed: 7
cls: Courier, courier_id: 1060, position: (45.868267, 174.559566), travel_distance: 0, waybill: None, wait_to_pick: None, head_to: None, speed: 0
cls: Courier, courier_id: 3480, position: (45.851746, 174.556414), travel_distance: 0, waybill: None, wait_to_pick: [537874], head_to: None, speed: 0
Orders:
cls: Order, order_id: 177166, status: wait_pick, pick_up_point: (45.877373, 174.586193), drop_off_point: (45.860444, 174.563584), pair_time: 1665975601
cls: Order, order_id: 537874, status: wait_pick, pick_up_point: (45.858072, 174.571215), drop_off_point: (45.87512, 174.524972), pair_time: 1665975611
cls: Order, order_id: 371021, status: wait_pair, pick_up_point: (45.851255, 174.555574), drop_off_point: (45.824982, 174.544946), pair_time: None
The average travel distance per courier is 23.333333333333332
The rate of overspeed 0.3333333333333333

2024-12-05 09:05:53.342 | INFO     | runner.separated.base_runner:log_env:198 - -------------------------
THIS IS EPISODE 1, STEP 2
ENVIRONMENT 4
Couriers:
cls: Courier, courier_id: 2172, position: (45.87403175650146, 174.5771177272477), travel_distance: 50, waybill: None, wait_to_pick: [177166], head_to: (45.877373, 174.586193), speed: 5
cls: Courier, courier_id: 1060, position: (45.868267, 174.559566), travel_distance: 0, waybill: None, wait_to_pick: None, head_to: None, speed: 0
cls: Courier, courier_id: 3480, position: (45.851746, 174.556414), travel_distance: 0, waybill: None, wait_to_pick: [537874], head_to: None, speed: 0
Orders:
cls: Order, order_id: 177166, status: wait_pick, pick_up_point: (45.877373, 174.586193), drop_off_point: (45.860444, 174.563584), pair_time: 1665975601
cls: Order, order_id: 537874, status: wait_pick, pick_up_point: (45.858072, 174.571215), drop_off_point: (45.87512, 174.524972), pair_time: 1665975611
cls: Order, order_id: 371021, status: wait_pair, pick_up_point: (45.851255, 174.555574), drop_off_point: (45.824982, 174.544946), pair_time: None
The average travel distance per courier is 16.666666666666668
The rate of overspeed 0.3333333333333333

2024-12-05 09:05:53.342 | INFO     | runner.separated.base_runner:log_env:198 - -------------------------
THIS IS EPISODE 1, STEP 2
ENVIRONMENT 5
Couriers:
cls: Courier, courier_id: 2172, position: (45.87394785390087, 174.5768898363486), travel_distance: 30, waybill: None, wait_to_pick: [177166], head_to: (45.877373, 174.586193), speed: 3
cls: Courier, courier_id: 1060, position: (45.868267, 174.559566), travel_distance: 0, waybill: None, wait_to_pick: None, head_to: None, speed: 0
cls: Courier, courier_id: 3480, position: (45.851746, 174.556414), travel_distance: 0, waybill: None, wait_to_pick: [537874], head_to: None, speed: 0
Orders:
cls: Order, order_id: 177166, status: wait_pick, pick_up_point: (45.877373, 174.586193), drop_off_point: (45.860444, 174.563584), pair_time: 1665975601
cls: Order, order_id: 537874, status: wait_pick, pick_up_point: (45.858072, 174.571215), drop_off_point: (45.87512, 174.524972), pair_time: 1665975611
cls: Order, order_id: 371021, status: wait_pair, pick_up_point: (45.851255, 174.555574), drop_off_point: (45.824982, 174.544946), pair_time: None
The average travel distance per courier is 10.0
The rate of overspeed 0.0

2024-12-05 09:05:53.506 | INFO     | runner.separated.base_runner:log_env:198 - -------------------------
THIS IS EPISODE 1, STEP 3
ENVIRONMENT 1
Couriers:
cls: Courier, courier_id: 2172, position: (45.87424151326158, 174.57768745519795), travel_distance: 100, waybill: None, wait_to_pick: [177166], head_to: (45.877373, 174.586193), speed: 3
cls: Courier, courier_id: 1060, position: (45.868267, 174.559566), travel_distance: 0, waybill: None, wait_to_pick: None, head_to: None, speed: 0
cls: Courier, courier_id: 3480, position: (45.85179294565184, 174.55652383917052), travel_distance: 10, waybill: None, wait_to_pick: [537874], head_to: (45.858072, 174.571215), speed: 1
cls: Courier, courier_id: 401, position: (45.86299, 174.57536), travel_distance: 0, waybill: None, wait_to_pick: [553199], head_to: None, speed: 0
cls: Courier, courier_id: 212, position: (45.860696, 174.572517), travel_distance: 0, waybill: None, wait_to_pick: [191933, 310151], head_to: None, speed: 0
cls: Courier, courier_id: 3581, position: (45.864606, 174.580745), travel_distance: 0, waybill: None, wait_to_pick: [493426, 57697], head_to: None, speed: 0
cls: Courier, courier_id: 3686, position: (45.869083, 174.572719), travel_distance: 0, waybill: None, wait_to_pick: None, head_to: None, speed: 0
cls: Courier, courier_id: 1649, position: (45.852904, 174.549538), travel_distance: 0, waybill: None, wait_to_pick: [194846], head_to: None, speed: 0
cls: Courier, courier_id: 569, position: (45.85981, 174.57942), travel_distance: 0, waybill: None, wait_to_pick: None, head_to: None, speed: 0
Orders:
cls: Order, order_id: 177166, status: wait_pick, pick_up_point: (45.877373, 174.586193), drop_off_point: (45.860444, 174.563584), pair_time: 1665975601
cls: Order, order_id: 537874, status: wait_pick, pick_up_point: (45.858072, 174.571215), drop_off_point: (45.87512, 174.524972), pair_time: 1665975611
cls: Order, order_id: 371021, status: wait_pair, pick_up_point: (45.851255, 174.555574), drop_off_point: (45.824982, 174.544946), pair_time: None
cls: Order, order_id: 553199, status: wait_pick, pick_up_point: (45.863924, 174.570963), drop_off_point: (45.859685, 174.560266), pair_time: 1665975621
cls: Order, order_id: 191933, status: wait_pick, pick_up_point: (45.860285, 174.572658), drop_off_point: (45.867515, 174.572203), pair_time: 1665975621
cls: Order, order_id: 493426, status: wait_pick, pick_up_point: (45.862975, 174.581408), drop_off_point: (45.847189, 174.590596), pair_time: 1665975621
cls: Order, order_id: 310151, status: wait_pick, pick_up_point: (45.868988, 174.572689), drop_off_point: (45.886194, 174.556213), pair_time: 1665975621
cls: Order, order_id: 194846, status: wait_pick, pick_up_point: (45.857176, 174.54374), drop_off_point: (45.846512, 174.572181), pair_time: 1665975621
cls: Order, order_id: 57697, status: wait_pick, pick_up_point: (45.863172, 174.584101), drop_off_point: (45.842359, 174.55372), pair_time: 1665975621
The average travel distance per courier is 12.222222222222221
The rate of overspeed 0.0

2024-12-05 09:05:53.506 | INFO     | runner.separated.base_runner:log_env:198 - -------------------------
THIS IS EPISODE 1, STEP 3
ENVIRONMENT 2
Couriers:
cls: Courier, courier_id: 2172, position: (45.87398980523812, 174.57700378189853), travel_distance: 40, waybill: None, wait_to_pick: [177166], head_to: (45.877373, 174.586193), speed: 3
cls: Courier, courier_id: 1060, position: (45.868267, 174.559566), travel_distance: 0, waybill: None, wait_to_pick: None, head_to: None, speed: 0
cls: Courier, courier_id: 3480, position: (45.85193378260735, 174.55685335668215), travel_distance: 40, waybill: None, wait_to_pick: [537874], head_to: (45.858072, 174.571215), speed: 4
cls: Courier, courier_id: 401, position: (45.86299, 174.57536), travel_distance: 0, waybill: None, wait_to_pick: [553199], head_to: None, speed: 0
cls: Courier, courier_id: 212, position: (45.860696, 174.572517), travel_distance: 0, waybill: None, wait_to_pick: [191933, 310151], head_to: None, speed: 0
cls: Courier, courier_id: 3581, position: (45.864606, 174.580745), travel_distance: 0, waybill: None, wait_to_pick: [493426, 57697], head_to: None, speed: 0
cls: Courier, courier_id: 3686, position: (45.869083, 174.572719), travel_distance: 0, waybill: None, wait_to_pick: None, head_to: None, speed: 0
cls: Courier, courier_id: 1649, position: (45.852904, 174.549538), travel_distance: 0, waybill: None, wait_to_pick: [194846], head_to: None, speed: 0
cls: Courier, courier_id: 569, position: (45.85981, 174.57942), travel_distance: 0, waybill: None, wait_to_pick: None, head_to: None, speed: 0
Orders:
cls: Order, order_id: 177166, status: wait_pick, pick_up_point: (45.877373, 174.586193), drop_off_point: (45.860444, 174.563584), pair_time: 1665975601
cls: Order, order_id: 537874, status: wait_pick, pick_up_point: (45.858072, 174.571215), drop_off_point: (45.87512, 174.524972), pair_time: 1665975611
cls: Order, order_id: 371021, status: wait_pair, pick_up_point: (45.851255, 174.555574), drop_off_point: (45.824982, 174.544946), pair_time: None
cls: Order, order_id: 553199, status: wait_pick, pick_up_point: (45.863924, 174.570963), drop_off_point: (45.859685, 174.560266), pair_time: 1665975621
cls: Order, order_id: 191933, status: wait_pick, pick_up_point: (45.860285, 174.572658), drop_off_point: (45.867515, 174.572203), pair_time: 1665975621
cls: Order, order_id: 493426, status: wait_pick, pick_up_point: (45.862975, 174.581408), drop_off_point: (45.847189, 174.590596), pair_time: 1665975621
cls: Order, order_id: 310151, status: wait_pick, pick_up_point: (45.868988, 174.572689), drop_off_point: (45.886194, 174.556213), pair_time: 1665975621
cls: Order, order_id: 194846, status: wait_pick, pick_up_point: (45.857176, 174.54374), drop_off_point: (45.846512, 174.572181), pair_time: 1665975621
cls: Order, order_id: 57697, status: wait_pick, pick_up_point: (45.863172, 174.584101), drop_off_point: (45.842359, 174.55372), pair_time: 1665975621
The average travel distance per courier is 8.88888888888889
The rate of overspeed 0.0

2024-12-05 09:05:53.506 | INFO     | runner.separated.base_runner:log_env:198 - -------------------------
THIS IS EPISODE 1, STEP 3
ENVIRONMENT 3
Couriers:
cls: Courier, courier_id: 2172, position: (45.87424151326158, 174.57768745519795), travel_distance: 100, waybill: None, wait_to_pick: [177166], head_to: (45.877373, 174.586193), speed: 3
cls: Courier, courier_id: 1060, position: (45.868267, 174.559566), travel_distance: 0, waybill: None, wait_to_pick: None, head_to: None, speed: 0
cls: Courier, courier_id: 3480, position: (45.85193378260735, 174.55685335668215), travel_distance: 40, waybill: None, wait_to_pick: [537874], head_to: (45.858072, 174.571215), speed: 4
cls: Courier, courier_id: 401, position: (45.86299, 174.57536), travel_distance: 0, waybill: None, wait_to_pick: [553199], head_to: None, speed: 0
cls: Courier, courier_id: 212, position: (45.860696, 174.572517), travel_distance: 0, waybill: None, wait_to_pick: [191933, 310151], head_to: None, speed: 0
cls: Courier, courier_id: 3581, position: (45.864606, 174.580745), travel_distance: 0, waybill: None, wait_to_pick: [493426, 57697], head_to: None, speed: 0
cls: Courier, courier_id: 3686, position: (45.869083, 174.572719), travel_distance: 0, waybill: None, wait_to_pick: None, head_to: None, speed: 0
cls: Courier, courier_id: 1649, position: (45.852904, 174.549538), travel_distance: 0, waybill: None, wait_to_pick: [194846], head_to: None, speed: 0
cls: Courier, courier_id: 569, position: (45.85981, 174.57942), travel_distance: 0, waybill: None, wait_to_pick: None, head_to: None, speed: 0
Orders:
cls: Order, order_id: 177166, status: wait_pick, pick_up_point: (45.877373, 174.586193), drop_off_point: (45.860444, 174.563584), pair_time: 1665975601
cls: Order, order_id: 537874, status: wait_pick, pick_up_point: (45.858072, 174.571215), drop_off_point: (45.87512, 174.524972), pair_time: 1665975611
cls: Order, order_id: 371021, status: wait_pair, pick_up_point: (45.851255, 174.555574), drop_off_point: (45.824982, 174.544946), pair_time: None
cls: Order, order_id: 553199, status: wait_pick, pick_up_point: (45.863924, 174.570963), drop_off_point: (45.859685, 174.560266), pair_time: 1665975621
cls: Order, order_id: 191933, status: wait_pick, pick_up_point: (45.860285, 174.572658), drop_off_point: (45.867515, 174.572203), pair_time: 1665975621
cls: Order, order_id: 493426, status: wait_pick, pick_up_point: (45.862975, 174.581408), drop_off_point: (45.847189, 174.590596), pair_time: 1665975621
cls: Order, order_id: 310151, status: wait_pick, pick_up_point: (45.868988, 174.572689), drop_off_point: (45.886194, 174.556213), pair_time: 1665975621
cls: Order, order_id: 194846, status: wait_pick, pick_up_point: (45.857176, 174.54374), drop_off_point: (45.846512, 174.572181), pair_time: 1665975621
cls: Order, order_id: 57697, status: wait_pick, pick_up_point: (45.863172, 174.584101), drop_off_point: (45.842359, 174.55372), pair_time: 1665975621
The average travel distance per courier is 15.555555555555555
The rate of overspeed 0.0

2024-12-05 09:05:53.506 | INFO     | runner.separated.base_runner:log_env:198 - -------------------------
THIS IS EPISODE 1, STEP 3
ENVIRONMENT 4
Couriers:
cls: Courier, courier_id: 2172, position: (45.8743254160346, 174.5779153465654), travel_distance: 120, waybill: None, wait_to_pick: [177166], head_to: (45.877373, 174.586193), speed: 7
cls: Courier, courier_id: 1060, position: (45.868267, 174.559566), travel_distance: 0, waybill: None, wait_to_pick: None, head_to: None, speed: 0
cls: Courier, courier_id: 3480, position: (45.851980728259186, 174.5569631958527), travel_distance: 50, waybill: None, wait_to_pick: [537874], head_to: (45.858072, 174.571215), speed: 5
cls: Courier, courier_id: 401, position: (45.86299, 174.57536), travel_distance: 0, waybill: None, wait_to_pick: [553199], head_to: None, speed: 0
cls: Courier, courier_id: 212, position: (45.860696, 174.572517), travel_distance: 0, waybill: None, wait_to_pick: [191933, 310151], head_to: None, speed: 0
cls: Courier, courier_id: 3581, position: (45.864606, 174.580745), travel_distance: 0, waybill: None, wait_to_pick: [493426, 57697], head_to: None, speed: 0
cls: Courier, courier_id: 3686, position: (45.869083, 174.572719), travel_distance: 0, waybill: None, wait_to_pick: None, head_to: None, speed: 0
cls: Courier, courier_id: 1649, position: (45.852904, 174.549538), travel_distance: 0, waybill: None, wait_to_pick: [194846], head_to: None, speed: 0
cls: Courier, courier_id: 569, position: (45.85981, 174.57942), travel_distance: 0, waybill: None, wait_to_pick: None, head_to: None, speed: 0
Orders:
cls: Order, order_id: 177166, status: wait_pick, pick_up_point: (45.877373, 174.586193), drop_off_point: (45.860444, 174.563584), pair_time: 1665975601
cls: Order, order_id: 537874, status: wait_pick, pick_up_point: (45.858072, 174.571215), drop_off_point: (45.87512, 174.524972), pair_time: 1665975611
cls: Order, order_id: 371021, status: wait_pair, pick_up_point: (45.851255, 174.555574), drop_off_point: (45.824982, 174.544946), pair_time: None
cls: Order, order_id: 553199, status: wait_pick, pick_up_point: (45.863924, 174.570963), drop_off_point: (45.859685, 174.560266), pair_time: 1665975621
cls: Order, order_id: 191933, status: wait_pick, pick_up_point: (45.860285, 174.572658), drop_off_point: (45.867515, 174.572203), pair_time: 1665975621
cls: Order, order_id: 493426, status: wait_pick, pick_up_point: (45.862975, 174.581408), drop_off_point: (45.847189, 174.590596), pair_time: 1665975621
cls: Order, order_id: 310151, status: wait_pick, pick_up_point: (45.868988, 174.572689), drop_off_point: (45.886194, 174.556213), pair_time: 1665975621
cls: Order, order_id: 194846, status: wait_pick, pick_up_point: (45.857176, 174.54374), drop_off_point: (45.846512, 174.572181), pair_time: 1665975621
cls: Order, order_id: 57697, status: wait_pick, pick_up_point: (45.863172, 174.584101), drop_off_point: (45.842359, 174.55372), pair_time: 1665975621
The average travel distance per courier is 18.88888888888889
The rate of overspeed 0.2222222222222222

2024-12-05 09:05:53.507 | INFO     | runner.separated.base_runner:log_env:198 - -------------------------
THIS IS EPISODE 1, STEP 3
ENVIRONMENT 5
Couriers:
cls: Courier, courier_id: 2172, position: (45.87398980523812, 174.57700378189853), travel_distance: 40, waybill: None, wait_to_pick: [177166], head_to: (45.877373, 174.586193), speed: 1
cls: Courier, courier_id: 1060, position: (45.868267, 174.559566), travel_distance: 0, waybill: None, wait_to_pick: None, head_to: None, speed: 0
cls: Courier, courier_id: 3480, position: (45.852074619562856, 174.55718287419376), travel_distance: 70, waybill: None, wait_to_pick: [537874], head_to: (45.858072, 174.571215), speed: 7
cls: Courier, courier_id: 401, position: (45.86299, 174.57536), travel_distance: 0, waybill: None, wait_to_pick: [553199], head_to: None, speed: 0
cls: Courier, courier_id: 212, position: (45.860696, 174.572517), travel_distance: 0, waybill: None, wait_to_pick: [191933, 310151], head_to: None, speed: 0
cls: Courier, courier_id: 3581, position: (45.864606, 174.580745), travel_distance: 0, waybill: None, wait_to_pick: [493426, 57697], head_to: None, speed: 0
cls: Courier, courier_id: 3686, position: (45.869083, 174.572719), travel_distance: 0, waybill: None, wait_to_pick: None, head_to: None, speed: 0
cls: Courier, courier_id: 1649, position: (45.852904, 174.549538), travel_distance: 0, waybill: None, wait_to_pick: [194846], head_to: None, speed: 0
cls: Courier, courier_id: 569, position: (45.85981, 174.57942), travel_distance: 0, waybill: None, wait_to_pick: None, head_to: None, speed: 0
Orders:
cls: Order, order_id: 177166, status: wait_pick, pick_up_point: (45.877373, 174.586193), drop_off_point: (45.860444, 174.563584), pair_time: 1665975601
cls: Order, order_id: 537874, status: wait_pick, pick_up_point: (45.858072, 174.571215), drop_off_point: (45.87512, 174.524972), pair_time: 1665975611
cls: Order, order_id: 371021, status: wait_pair, pick_up_point: (45.851255, 174.555574), drop_off_point: (45.824982, 174.544946), pair_time: None
cls: Order, order_id: 553199, status: wait_pick, pick_up_point: (45.863924, 174.570963), drop_off_point: (45.859685, 174.560266), pair_time: 1665975621
cls: Order, order_id: 191933, status: wait_pick, pick_up_point: (45.860285, 174.572658), drop_off_point: (45.867515, 174.572203), pair_time: 1665975621
cls: Order, order_id: 493426, status: wait_pick, pick_up_point: (45.862975, 174.581408), drop_off_point: (45.847189, 174.590596), pair_time: 1665975621
cls: Order, order_id: 310151, status: wait_pick, pick_up_point: (45.868988, 174.572689), drop_off_point: (45.886194, 174.556213), pair_time: 1665975621
cls: Order, order_id: 194846, status: wait_pick, pick_up_point: (45.857176, 174.54374), drop_off_point: (45.846512, 174.572181), pair_time: 1665975621
cls: Order, order_id: 57697, status: wait_pick, pick_up_point: (45.863172, 174.584101), drop_off_point: (45.842359, 174.55372), pair_time: 1665975621
The average travel distance per courier is 12.222222222222221
The rate of overspeed 0.1111111111111111

2024-12-05 09:05:53.718 | SUCCESS  | runner.separated.env_runner:run:181 - 
Average Courier's Travel Distance for Episode 1: 14.114784130052694
Total Reward for Episode 1: -1660.0
Rate of Overspeed for Episode 1: 0.26153846153846155
No order is dropped in this episode

2024-12-05 09:05:55.059 | SUCCESS  | runner.separated.env_runner:run:228 - 
 Scenario MyEnv Algo mappo Exp TSL updates 0/1000000 episodes, total num timesteps 15/15000000.0, FPS 3.

2024-12-05 09:05:56.691 | INFO     | runner.separated.base_runner:log_env:198 - -------------------------
THIS IS EPISODE 2, STEP 1
ENVIRONMENT 1
Couriers:
cls: Courier, courier_id: 2172, position: (45.874367367531974, 174.5780292925502), travel_distance: 130, waybill: None, wait_to_pick: [177166], head_to: (45.877373, 174.586193), speed: 3
cls: Courier, courier_id: 1060, position: (45.868267, 174.559566), travel_distance: 0, waybill: None, wait_to_pick: [183199], head_to: None, speed: 0
cls: Courier, courier_id: 3480, position: (45.851933782650306, 174.55685335678265), travel_distance: 40, waybill: None, wait_to_pick: [537874], head_to: (45.858072, 174.571215), speed: 3
cls: Courier, courier_id: 401, position: (45.863068514687555, 174.57499037571608), travel_distance: 30, waybill: None, wait_to_pick: [553199, 323954], head_to: (45.863924, 174.570963), speed: 3
cls: Courier, courier_id: 212, position: (45.86052101718725, 174.5725770306), travel_distance: 20, waybill: None, wait_to_pick: [191933, 310151], head_to: (45.860285, 174.572658), speed: 2
cls: Courier, courier_id: 3581, position: (45.86434635881144, 174.58085054390438), travel_distance: 30, waybill: None, wait_to_pick: [493426, 57697], head_to: (45.862975, 174.581408), speed: 3
cls: Courier, courier_id: 3686, position: (45.869083, 174.572719), travel_distance: 0, waybill: None, wait_to_pick: None, head_to: None, speed: 0
cls: Courier, courier_id: 1649, position: (45.85323040813494, 174.54909499570078), travel_distance: 50, waybill: None, wait_to_pick: [194846], head_to: (45.857176, 174.54374), speed: 5
cls: Courier, courier_id: 569, position: (45.85981, 174.57942), travel_distance: 0, waybill: None, wait_to_pick: [233006], head_to: None, speed: 0
cls: Courier, courier_id: 3233, position: (45.867022, 174.574102), travel_distance: 0, waybill: None, wait_to_pick: None, head_to: None, speed: 0
cls: Courier, courier_id: 4648, position: (45.869252, 174.574987), travel_distance: 0, waybill: None, wait_to_pick: None, head_to: None, speed: 0
cls: Courier, courier_id: 1785, position: (45.855384, 174.57202), travel_distance: 0, waybill: None, wait_to_pick: [116598], head_to: None, speed: 0
cls: Courier, courier_id: 2815, position: (45.867835, 174.56694), travel_distance: 0, waybill: None, wait_to_pick: None, head_to: None, speed: 0
Orders:
cls: Order, order_id: 177166, status: wait_pick, pick_up_point: (45.877373, 174.586193), drop_off_point: (45.860444, 174.563584), pair_time: 1665975601
cls: Order, order_id: 537874, status: wait_pick, pick_up_point: (45.858072, 174.571215), drop_off_point: (45.87512, 174.524972), pair_time: 1665975611
cls: Order, order_id: 371021, status: wait_pair, pick_up_point: (45.851255, 174.555574), drop_off_point: (45.824982, 174.544946), pair_time: None
cls: Order, order_id: 553199, status: wait_pick, pick_up_point: (45.863924, 174.570963), drop_off_point: (45.859685, 174.560266), pair_time: 1665975621
cls: Order, order_id: 191933, status: wait_pick, pick_up_point: (45.860285, 174.572658), drop_off_point: (45.867515, 174.572203), pair_time: 1665975621
cls: Order, order_id: 493426, status: wait_pick, pick_up_point: (45.862975, 174.581408), drop_off_point: (45.847189, 174.590596), pair_time: 1665975621
cls: Order, order_id: 310151, status: wait_pick, pick_up_point: (45.868988, 174.572689), drop_off_point: (45.886194, 174.556213), pair_time: 1665975621
cls: Order, order_id: 194846, status: wait_pick, pick_up_point: (45.857176, 174.54374), drop_off_point: (45.846512, 174.572181), pair_time: 1665975621
cls: Order, order_id: 57697, status: wait_pick, pick_up_point: (45.863172, 174.584101), drop_off_point: (45.842359, 174.55372), pair_time: 1665975621
cls: Order, order_id: 233006, status: wait_pick, pick_up_point: (45.863288, 174.584203), drop_off_point: (45.885771, 174.575415), pair_time: 1665975631
cls: Order, order_id: 116598, status: wait_pick, pick_up_point: (45.859676, 174.572429), drop_off_point: (45.87413, 174.582133), pair_time: 1665975631
cls: Order, order_id: 323954, status: wait_pick, pick_up_point: (45.860151, 174.572505), drop_off_point: (45.840875, 174.547973), pair_time: 1665975631
cls: Order, order_id: 183199, status: wait_pick, pick_up_point: (45.867071, 174.562419), drop_off_point: (45.889242, 174.552057), pair_time: 1665975631
The average travel distance per courier is 23.076923076923077
The rate of overspeed 0.07692307692307693

2024-12-05 09:05:56.692 | INFO     | runner.separated.base_runner:log_env:198 - -------------------------
THIS IS EPISODE 2, STEP 1
ENVIRONMENT 2
Couriers:
cls: Courier, courier_id: 2172, position: (45.87428346468504, 174.57780140098205), travel_distance: 110, waybill: None, wait_to_pick: [177166], head_to: (45.877373, 174.586193), speed: 7
cls: Courier, courier_id: 1060, position: (45.868267, 174.559566), travel_distance: 0, waybill: None, wait_to_pick: [183199], head_to: None, speed: 0
cls: Courier, courier_id: 3480, position: (45.852121565443795, 174.55729271390035), travel_distance: 80, waybill: None, wait_to_pick: [537874], head_to: (45.858072, 174.571215), speed: 4
cls: Courier, courier_id: 401, position: (45.86317320093763, 174.57449754333751), travel_distance: 70, waybill: None, wait_to_pick: [553199, 323954], head_to: (45.863924, 174.570963), speed: 7
cls: Courier, courier_id: 212, position: (45.860285, 174.572658), travel_distance: 46.97604222461503, waybill: [191933], wait_to_pick: [310151], head_to: (45.860285, 174.572658), speed: 5
cls: Courier, courier_id: 3581, position: (45.86400017056001, 174.5809912691102), travel_distance: 70, waybill: None, wait_to_pick: [493426, 57697], head_to: (45.862975, 174.581408), speed: 7
cls: Courier, courier_id: 3686, position: (45.869083, 174.572719), travel_distance: 0, waybill: None, wait_to_pick: None, head_to: None, speed: 0
cls: Courier, courier_id: 1649, position: (45.85336097138891, 174.54891779398108), travel_distance: 70, waybill: None, wait_to_pick: [194846], head_to: (45.857176, 174.54374), speed: 7
cls: Courier, courier_id: 569, position: (45.85981, 174.57942), travel_distance: 0, waybill: None, wait_to_pick: [233006], head_to: None, speed: 0
cls: Courier, courier_id: 3233, position: (45.867022, 174.574102), travel_distance: 0, waybill: None, wait_to_pick: None, head_to: None, speed: 0
cls: Courier, courier_id: 4648, position: (45.869252, 174.574987), travel_distance: 0, waybill: None, wait_to_pick: None, head_to: None, speed: 0
cls: Courier, courier_id: 1785, position: (45.855384, 174.57202), travel_distance: 0, waybill: None, wait_to_pick: [116598], head_to: None, speed: 0
cls: Courier, courier_id: 2815, position: (45.867835, 174.56694), travel_distance: 0, waybill: None, wait_to_pick: None, head_to: None, speed: 0
Orders:
cls: Order, order_id: 177166, status: wait_pick, pick_up_point: (45.877373, 174.586193), drop_off_point: (45.860444, 174.563584), pair_time: 1665975601
cls: Order, order_id: 537874, status: wait_pick, pick_up_point: (45.858072, 174.571215), drop_off_point: (45.87512, 174.524972), pair_time: 1665975611
cls: Order, order_id: 371021, status: wait_pair, pick_up_point: (45.851255, 174.555574), drop_off_point: (45.824982, 174.544946), pair_time: None
cls: Order, order_id: 553199, status: wait_pick, pick_up_point: (45.863924, 174.570963), drop_off_point: (45.859685, 174.560266), pair_time: 1665975621
cls: Order, order_id: 191933, status: picked_up, pick_up_point: (45.860285, 174.572658), drop_off_point: (45.867515, 174.572203), pair_time: 1665975621
cls: Order, order_id: 493426, status: wait_pick, pick_up_point: (45.862975, 174.581408), drop_off_point: (45.847189, 174.590596), pair_time: 1665975621
cls: Order, order_id: 310151, status: wait_pick, pick_up_point: (45.868988, 174.572689), drop_off_point: (45.886194, 174.556213), pair_time: 1665975621
cls: Order, order_id: 194846, status: wait_pick, pick_up_point: (45.857176, 174.54374), drop_off_point: (45.846512, 174.572181), pair_time: 1665975621
cls: Order, order_id: 57697, status: wait_pick, pick_up_point: (45.863172, 174.584101), drop_off_point: (45.842359, 174.55372), pair_time: 1665975621
cls: Order, order_id: 233006, status: wait_pick, pick_up_point: (45.863288, 174.584203), drop_off_point: (45.885771, 174.575415), pair_time: 1665975631
cls: Order, order_id: 116598, status: wait_pick, pick_up_point: (45.859676, 174.572429), drop_off_point: (45.87413, 174.582133), pair_time: 1665975631
cls: Order, order_id: 323954, status: wait_pick, pick_up_point: (45.860151, 174.572505), drop_off_point: (45.840875, 174.547973), pair_time: 1665975631
cls: Order, order_id: 183199, status: wait_pick, pick_up_point: (45.867071, 174.562419), drop_off_point: (45.889242, 174.552057), pair_time: 1665975631
The average travel distance per courier is 34.38277247881654
The rate of overspeed 0.38461538461538464

2024-12-05 09:06:17.328 | INFO     | runner.separated.base_runner:log_env:198 - -------------------------
THIS IS EPISODE 2, STEP 2
ENVIRONMENT 1
Couriers:
cls: Courier, courier_id: 2172, position: (45.874367367531974, 174.5780292925502), travel_distance: 130, waybill: None, wait_to_pick: [177166], head_to: (45.877373, 174.586193), speed: 3
cls: Courier, courier_id: 1060, position: (45.868267, 174.559566), travel_distance: 0, waybill: None, wait_to_pick: [183199], head_to: None, speed: 0
cls: Courier, courier_id: 3480, position: (45.851933782650306, 174.55685335678265), travel_distance: 40, waybill: None, wait_to_pick: [537874], head_to: (45.858072, 174.571215), speed: 3
cls: Courier, courier_id: 401, position: (45.863068514687555, 174.57499037571608), travel_distance: 30, waybill: None, wait_to_pick: [553199, 323954], head_to: (45.863924, 174.570963), speed: 3
cls: Courier, courier_id: 212, position: (45.86052101718725, 174.5725770306), travel_distance: 20, waybill: None, wait_to_pick: [191933, 310151], head_to: (45.860285, 174.572658), speed: 2
cls: Courier, courier_id: 3581, position: (45.86434635881144, 174.58085054390438), travel_distance: 30, waybill: None, wait_to_pick: [493426, 57697], head_to: (45.862975, 174.581408), speed: 3
cls: Courier, courier_id: 3686, position: (45.869083, 174.572719), travel_distance: 0, waybill: None, wait_to_pick: None, head_to: None, speed: 0
cls: Courier, courier_id: 1649, position: (45.85323040813494, 174.54909499570078), travel_distance: 50, waybill: None, wait_to_pick: [194846], head_to: (45.857176, 174.54374), speed: 5
cls: Courier, courier_id: 569, position: (45.85981, 174.57942), travel_distance: 0, waybill: None, wait_to_pick: [233006], head_to: None, speed: 0
cls: Courier, courier_id: 3233, position: (45.867022, 174.574102), travel_distance: 0, waybill: None, wait_to_pick: None, head_to: None, speed: 0
cls: Courier, courier_id: 4648, position: (45.869252, 174.574987), travel_distance: 0, waybill: None, wait_to_pick: None, head_to: None, speed: 0
cls: Courier, courier_id: 1785, position: (45.855384, 174.57202), travel_distance: 0, waybill: None, wait_to_pick: [116598], head_to: None, speed: 0
cls: Courier, courier_id: 2815, position: (45.867835, 174.56694), travel_distance: 0, waybill: None, wait_to_pick: None, head_to: None, speed: 0
Orders:
cls: Order, order_id: 177166, status: wait_pick, pick_up_point: (45.877373, 174.586193), drop_off_point: (45.860444, 174.563584), pair_time: 1665975601
cls: Order, order_id: 537874, status: wait_pick, pick_up_point: (45.858072, 174.571215), drop_off_point: (45.87512, 174.524972), pair_time: 1665975611
cls: Order, order_id: 371021, status: wait_pair, pick_up_point: (45.851255, 174.555574), drop_off_point: (45.824982, 174.544946), pair_time: None
cls: Order, order_id: 553199, status: wait_pick, pick_up_point: (45.863924, 174.570963), drop_off_point: (45.859685, 174.560266), pair_time: 1665975621
cls: Order, order_id: 191933, status: wait_pick, pick_up_point: (45.860285, 174.572658), drop_off_point: (45.867515, 174.572203), pair_time: 1665975621
cls: Order, order_id: 493426, status: wait_pick, pick_up_point: (45.862975, 174.581408), drop_off_point: (45.847189, 174.590596), pair_time: 1665975621
cls: Order, order_id: 310151, status: wait_pick, pick_up_point: (45.868988, 174.572689), drop_off_point: (45.886194, 174.556213), pair_time: 1665975621
cls: Order, order_id: 194846, status: wait_pick, pick_up_point: (45.857176, 174.54374), drop_off_point: (45.846512, 174.572181), pair_time: 1665975621
cls: Order, order_id: 57697, status: wait_pick, pick_up_point: (45.863172, 174.584101), drop_off_point: (45.842359, 174.55372), pair_time: 1665975621
cls: Order, order_id: 233006, status: wait_pick, pick_up_point: (45.863288, 174.584203), drop_off_point: (45.885771, 174.575415), pair_time: 1665975631
cls: Order, order_id: 116598, status: wait_pick, pick_up_point: (45.859676, 174.572429), drop_off_point: (45.87413, 174.582133), pair_time: 1665975631
cls: Order, order_id: 323954, status: wait_pick, pick_up_point: (45.860151, 174.572505), drop_off_point: (45.840875, 174.547973), pair_time: 1665975631
cls: Order, order_id: 183199, status: wait_pick, pick_up_point: (45.867071, 174.562419), drop_off_point: (45.889242, 174.552057), pair_time: 1665975631
The average travel distance per courier is 23.076923076923077
The rate of overspeed 0.07692307692307693

2024-12-05 09:06:17.329 | INFO     | runner.separated.base_runner:log_env:198 - -------------------------
THIS IS EPISODE 2, STEP 2
ENVIRONMENT 2
Couriers:
cls: Courier, courier_id: 2172, position: (45.87428346468504, 174.57780140098205), travel_distance: 110, waybill: None, wait_to_pick: [177166], head_to: (45.877373, 174.586193), speed: 7
cls: Courier, courier_id: 1060, position: (45.868267, 174.559566), travel_distance: 0, waybill: None, wait_to_pick: [183199], head_to: None, speed: 0
cls: Courier, courier_id: 3480, position: (45.852121565443795, 174.55729271390035), travel_distance: 80, waybill: None, wait_to_pick: [537874], head_to: (45.858072, 174.571215), speed: 4
cls: Courier, courier_id: 401, position: (45.86317320093763, 174.57449754333751), travel_distance: 70, waybill: None, wait_to_pick: [553199, 323954], head_to: (45.863924, 174.570963), speed: 7
cls: Courier, courier_id: 212, position: (45.860285, 174.572658), travel_distance: 46.97604222461503, waybill: [191933], wait_to_pick: [310151], head_to: (45.860285, 174.572658), speed: 5
cls: Courier, courier_id: 3581, position: (45.86400017056001, 174.5809912691102), travel_distance: 70, waybill: None, wait_to_pick: [493426, 57697], head_to: (45.862975, 174.581408), speed: 7
cls: Courier, courier_id: 3686, position: (45.869083, 174.572719), travel_distance: 0, waybill: None, wait_to_pick: None, head_to: None, speed: 0
cls: Courier, courier_id: 1649, position: (45.85336097138891, 174.54891779398108), travel_distance: 70, waybill: None, wait_to_pick: [194846], head_to: (45.857176, 174.54374), speed: 7
cls: Courier, courier_id: 569, position: (45.85981, 174.57942), travel_distance: 0, waybill: None, wait_to_pick: [233006], head_to: None, speed: 0
cls: Courier, courier_id: 3233, position: (45.867022, 174.574102), travel_distance: 0, waybill: None, wait_to_pick: None, head_to: None, speed: 0
cls: Courier, courier_id: 4648, position: (45.869252, 174.574987), travel_distance: 0, waybill: None, wait_to_pick: None, head_to: None, speed: 0
cls: Courier, courier_id: 1785, position: (45.855384, 174.57202), travel_distance: 0, waybill: None, wait_to_pick: [116598], head_to: None, speed: 0
cls: Courier, courier_id: 2815, position: (45.867835, 174.56694), travel_distance: 0, waybill: None, wait_to_pick: None, head_to: None, speed: 0
Orders:
cls: Order, order_id: 177166, status: wait_pick, pick_up_point: (45.877373, 174.586193), drop_off_point: (45.860444, 174.563584), pair_time: 1665975601
cls: Order, order_id: 537874, status: wait_pick, pick_up_point: (45.858072, 174.571215), drop_off_point: (45.87512, 174.524972), pair_time: 1665975611
cls: Order, order_id: 371021, status: wait_pair, pick_up_point: (45.851255, 174.555574), drop_off_point: (45.824982, 174.544946), pair_time: None
cls: Order, order_id: 553199, status: wait_pick, pick_up_point: (45.863924, 174.570963), drop_off_point: (45.859685, 174.560266), pair_time: 1665975621
cls: Order, order_id: 191933, status: picked_up, pick_up_point: (45.860285, 174.572658), drop_off_point: (45.867515, 174.572203), pair_time: 1665975621
cls: Order, order_id: 493426, status: wait_pick, pick_up_point: (45.862975, 174.581408), drop_off_point: (45.847189, 174.590596), pair_time: 1665975621
cls: Order, order_id: 310151, status: wait_pick, pick_up_point: (45.868988, 174.572689), drop_off_point: (45.886194, 174.556213), pair_time: 1665975621
cls: Order, order_id: 194846, status: wait_pick, pick_up_point: (45.857176, 174.54374), drop_off_point: (45.846512, 174.572181), pair_time: 1665975621
cls: Order, order_id: 57697, status: wait_pick, pick_up_point: (45.863172, 174.584101), drop_off_point: (45.842359, 174.55372), pair_time: 1665975621
cls: Order, order_id: 233006, status: wait_pick, pick_up_point: (45.863288, 174.584203), drop_off_point: (45.885771, 174.575415), pair_time: 1665975631
cls: Order, order_id: 116598, status: wait_pick, pick_up_point: (45.859676, 174.572429), drop_off_point: (45.87413, 174.582133), pair_time: 1665975631
cls: Order, order_id: 323954, status: wait_pick, pick_up_point: (45.860151, 174.572505), drop_off_point: (45.840875, 174.547973), pair_time: 1665975631
cls: Order, order_id: 183199, status: wait_pick, pick_up_point: (45.867071, 174.562419), drop_off_point: (45.889242, 174.552057), pair_time: 1665975631
The average travel distance per courier is 34.38277247881654
The rate of overspeed 0.38461538461538464

